1696387453740	geckodriver	INFO	Listening on 127.0.0.1:39627
1696387456773	mozrunner::runner	INFO	Running command: "C:\\Program Files\\Mozilla Firefox\\firefox.exe" "--marionette" "--user-agent=Mozilla/5.0" "--headless" "-- ... 8" "--remote-allow-hosts" "localhost" "-no-remote" "-profile" "C:\\Users\\kalan\\AppData\\Local\\Temp\\rust_mozprofileRceQxM"
*** You are running in headless mode.
console.warn: services.settings: Ignoring preference override of remote settings server
console.warn: services.settings: Allow by setting MOZ_REMOTE_SETTINGS_DEVTOOLS=1 in the environment
1696387458926	Marionette	INFO	Marionette enabled
Dynamically enable window occlusion 0
console.error: "Warning: unrecognized command line flag" "-user-agent"
1696387459232	Marionette	INFO	Listening on port 39635
WebDriver BiDi listening on ws://127.0.0.1:39628
Read port: 39635
1696387459548	RemoteAgent	WARN	TLS certificate errors will be ignored for this session
[GFX1-]: RenderCompositorSWGL failed mapping default framebuffer, no dt
console.error: ({})
DevTools listening on ws://127.0.0.1:39628/devtools/browser/5822a764-5581-46c6-bbda-574d889ac5bf
1696387469117	Marionette	INFO	Stopped listening on port 39635
JavaScript warning: https://a.omappapi.com/app/js/api.min.js, line 1: Script terminated by timeout at:
l@https://a.omappapi.com/app/js/api.min.js:1:10311
preInit/<@https://a.omappapi.com/app/js/api.min.js:1:50987
preInit@https://a.omappapi.com/app/js/api.min.js:1:50799
m@https://a.omappapi.com/app/js/api.min.js:1:50525
@https://a.omappapi.com/app/js/api.min.js:1:51967
@https://a.omappapi.com/app/js/api.min.js:1:52074
@https://a.omappapi.com/app/js/api.min.js:1:52077

Dynamically enable window occlusion 1
1696391306628	geckodriver	INFO	Listening on 127.0.0.1:40029
1696391310619	mozrunner::runner	INFO	Running command: "C:\\Program Files\\Mozilla Firefox\\firefox.exe" "--marionette" "--user-agent=Mozilla/5.0" "--headless" "-- ... 0" "--remote-allow-hosts" "localhost" "-no-remote" "-profile" "C:\\Users\\kalan\\AppData\\Local\\Temp\\rust_mozprofileWsUStC"
*** You are running in headless mode.
console.warn: services.settings: Ignoring preference override of remote settings server
console.warn: services.settings: Allow by setting MOZ_REMOTE_SETTINGS_DEVTOOLS=1 in the environment
1696391311684	Marionette	INFO	Marionette enabled
Dynamically enable window occlusion 0
console.error: "Warning: unrecognized command line flag" "-user-agent"
1696391311806	Marionette	INFO	Listening on port 40041
WebDriver BiDi listening on ws://127.0.0.1:40030
Read port: 40041
1696391312501	RemoteAgent	WARN	TLS certificate errors will be ignored for this session
[GFX1-]: RenderCompositorSWGL failed mapping default framebuffer, no dt
console.error: ({})
DevTools listening on ws://127.0.0.1:40030/devtools/browser/58b6dae0-9187-424b-b75f-f09efe89011c
1696391322356	Marionette	INFO	Stopped listening on port 40041
JavaScript warning: https://a.omappapi.com/app/js/api.min.js, line 1: Script terminated by timeout at:
_t@https://a.omappapi.com/app/js/api.min.js:1:18220
2223/<@https://a.omappapi.com/app/js/5.77298452.min.js:2:11641
init@https://a.omappapi.com/app/js/5.77298452.min.js:2:9685
L@https://a.omappapi.com/app/js/5.77298452.min.js:2:9489
d/</<@https://a.omappapi.com/app/js/api.min.js:1:46596

Dynamically enable window occlusion 1
1696391344250	geckodriver	INFO	Listening on 127.0.0.1:40127
1696391347297	mozrunner::runner	INFO	Running command: "C:\\Program Files\\Mozilla Firefox\\firefox.exe" "--marionette" "--user-agent=Mozilla/5.0" "--headless" "-- ... 8" "--remote-allow-hosts" "localhost" "-no-remote" "-profile" "C:\\Users\\kalan\\AppData\\Local\\Temp\\rust_mozprofilea5e6sd"
*** You are running in headless mode.
console.warn: services.settings: Ignoring preference override of remote settings server
console.warn: services.settings: Allow by setting MOZ_REMOTE_SETTINGS_DEVTOOLS=1 in the environment
1696391347968	Marionette	INFO	Marionette enabled
Dynamically enable window occlusion 0
console.error: "Warning: unrecognized command line flag" "-user-agent"
1696391348063	Marionette	INFO	Listening on port 40136
WebDriver BiDi listening on ws://127.0.0.1:40128
Read port: 40136
1696391348398	RemoteAgent	WARN	TLS certificate errors will be ignored for this session
[GFX1-]: RenderCompositorSWGL failed mapping default framebuffer, no dt
console.error: ({})
DevTools listening on ws://127.0.0.1:40128/devtools/browser/fae685c7-efa3-48e6-aa3c-7910a99696b5
1696391355637	Marionette	INFO	Stopped listening on port 40136
JavaScript warning: https://a.omappapi.com/app/js/api.min.js, line 1: Script terminated by timeout at:
i.r@https://a.omappapi.com/app/js/api.min.js:1:42270
2888@https://a.omappapi.com/app/js/api.min.js:1:6907
i@https://a.omappapi.com/app/js/api.min.js:1:40325
9961@https://a.omappapi.com/app/js/api.min.js:1:22193
i@https://a.omappapi.com/app/js/api.min.js:1:40325
@https://a.omappapi.com/app/js/api.min.js:1:43582
@https://a.omappapi.com/app/js/api.min.js:1:52074
@https://a.omappapi.com/app/js/api.min.js:1:52077

Dynamically enable window occlusion 1
1696391855130	geckodriver	INFO	Listening on 127.0.0.1:40291
1696391858136	mozrunner::runner	INFO	Running command: "C:\\Program Files\\Mozilla Firefox\\firefox.exe" "--marionette" "--user-agent=Mozilla/5.0" "--headless" "-- ... 2" "--remote-allow-hosts" "localhost" "-no-remote" "-profile" "C:\\Users\\kalan\\AppData\\Local\\Temp\\rust_mozprofile17Aiag"
*** You are running in headless mode.
console.warn: services.settings: Ignoring preference override of remote settings server
console.warn: services.settings: Allow by setting MOZ_REMOTE_SETTINGS_DEVTOOLS=1 in the environment
1696391859315	Marionette	INFO	Marionette enabled
Dynamically enable window occlusion 0
console.error: "Warning: unrecognized command line flag" "-user-agent"
1696391859620	Marionette	INFO	Listening on port 40299
WebDriver BiDi listening on ws://127.0.0.1:40292
Read port: 40299
1696391860095	RemoteAgent	WARN	TLS certificate errors will be ignored for this session
console.error: Region.sys.mjs: "Error fetching region" (new SyntaxError("JSON.parse: unexpected character at line 1 column 1 of the JSON data", ""))
console.error: Region.sys.mjs: "Failed to fetch region" (new Error("NO_RESULT", "resource://gre/modules/Region.sys.mjs", 411))
[GFX1-]: RenderCompositorSWGL failed mapping default framebuffer, no dt
console.error: ({})
DevTools listening on ws://127.0.0.1:40292/devtools/browser/98694cf8-2369-4e51-88b7-88e3a76f78fb
1696391869811	Marionette	INFO	Stopped listening on port 40299
Dynamically enable window occlusion 1
1696546013205	geckodriver	INFO	Listening on 127.0.0.1:54651
1696546016249	mozrunner::runner	INFO	Running command: "C:\\Program Files\\Mozilla Firefox\\firefox.exe" "--marionette" "--user-agent=Mozilla/5.0" "--headless" "-- ... 2" "--remote-allow-hosts" "localhost" "-no-remote" "-profile" "C:\\Users\\kalan\\AppData\\Local\\Temp\\rust_mozprofilezEr4n3"
*** You are running in headless mode.
console.warn: services.settings: Ignoring preference override of remote settings server
console.warn: services.settings: Allow by setting MOZ_REMOTE_SETTINGS_DEVTOOLS=1 in the environment
1696546017297	Marionette	INFO	Marionette enabled
Dynamically enable window occlusion 0
console.error: "Warning: unrecognized command line flag" "-user-agent"
1696546017431	Marionette	INFO	Listening on port 54659
WebDriver BiDi listening on ws://127.0.0.1:54652
Read port: 54659
1696546017862	RemoteAgent	WARN	TLS certificate errors will be ignored for this session
[GFX1-]: RenderCompositorSWGL failed mapping default framebuffer, no dt
console.error: ({})
DevTools listening on ws://127.0.0.1:54652/devtools/browser/87268759-bab9-4fc0-bee9-4690cabebb4a
1696546029893	Marionette	INFO	Stopped listening on port 54659
JavaScript warning: https://a.omappapi.com/app/js/10.60d422ac.min.js, line 2: Script terminated by timeout at:
4701/yn/<@https://a.omappapi.com/app/js/10.60d422ac.min.js:2:30844

Dynamically enable window occlusion 1
JavaScript warning: https://pagead2.googlesyndication.com/bg/YeTNF82ErcXtSc42GSWrie2SEIEL8DxR64dbf1nZkSc.js line 2 > eval line 5003 > eval line 1 > eval line 1 > eval, line 1: WEBGL_debug_renderer_info is deprecated in Firefox and will be removed. Please use RENDERER.
1696546503787	geckodriver	INFO	Listening on 127.0.0.1:55195
1696546506826	mozrunner::runner	INFO	Running command: "C:\\Program Files\\Mozilla Firefox\\firefox.exe" "--marionette" "--user-agent=Mozilla/5.0" "--headless" "-- ... 6" "--remote-allow-hosts" "localhost" "-no-remote" "-profile" "C:\\Users\\kalan\\AppData\\Local\\Temp\\rust_mozprofileZOVAUF"
*** You are running in headless mode.
console.warn: services.settings: Ignoring preference override of remote settings server
console.warn: services.settings: Allow by setting MOZ_REMOTE_SETTINGS_DEVTOOLS=1 in the environment
1696546508987	Marionette	INFO	Marionette enabled
Dynamically enable window occlusion 0
console.error: "Warning: unrecognized command line flag" "-user-agent"
1696546509098	Marionette	INFO	Listening on port 55203
WebDriver BiDi listening on ws://127.0.0.1:55196
Read port: 55203
1696546509523	RemoteAgent	WARN	TLS certificate errors will be ignored for this session
[GFX1-]: RenderCompositorSWGL failed mapping default framebuffer, no dt
console.error: ({})
DevTools listening on ws://127.0.0.1:55196/devtools/browser/cb94e3ef-77db-4bf5-ba1b-115edbc36dfc
1696546522742	Marionette	INFO	Stopped listening on port 55203
JavaScript warning: https://www.googletagmanager.com/gtm.js?id=GTM-5X6Z3Z9, line 97: Script terminated by timeout at:
Ca@https://www.googletagmanager.com/gtm.js?id=GTM-5X6Z3Z9:97:116
BC/g.hitCallback@https://www.googletagmanager.com/gtm.js?id=GTM-5X6Z3Z9:432:48
wc/d.onerror@https://www.google-analytics.com/analytics.js:35:130

Dynamically enable window occlusion 1
1696546742667	geckodriver	INFO	Listening on 127.0.0.1:55865
1696546745734	mozrunner::runner	INFO	Running command: "C:\\Program Files\\Mozilla Firefox\\firefox.exe" "--marionette" "--user-agent=Mozilla/5.0" "--headless" "-- ... 6" "--remote-allow-hosts" "localhost" "-no-remote" "-profile" "C:\\Users\\kalan\\AppData\\Local\\Temp\\rust_mozprofilegh7wxE"
*** You are running in headless mode.
console.warn: services.settings: Ignoring preference override of remote settings server
console.warn: services.settings: Allow by setting MOZ_REMOTE_SETTINGS_DEVTOOLS=1 in the environment
1696546746589	Marionette	INFO	Marionette enabled
Dynamically enable window occlusion 0
console.error: "Warning: unrecognized command line flag" "-user-agent"
1696546746690	Marionette	INFO	Listening on port 55873
WebDriver BiDi listening on ws://127.0.0.1:55866
Read port: 55873
1696546747017	RemoteAgent	WARN	TLS certificate errors will be ignored for this session
[GFX1-]: RenderCompositorSWGL failed mapping default framebuffer, no dt
console.error: ({})
DevTools listening on ws://127.0.0.1:55866/devtools/browser/c7e8221f-fd2c-40f6-b13c-7ec14c4484d6
1696546753931	Marionette	INFO	Stopped listening on port 55873
JavaScript warning: https://pagead2.googlesyndication.com/pagead/managed/js/adsense/m202309291101/show_ads_impl_fy2021.js, line 62: Script terminated by timeout at:
jf/</<@https://pagead2.googlesyndication.com/pagead/managed/js/adsense/m202309291101/show_ads_impl_fy2021.js:62:44

Dynamically enable window occlusion 1
1696551350858	geckodriver	INFO	Listening on 127.0.0.1:56582
1696551353899	mozrunner::runner	INFO	Running command: "C:\\Program Files\\Mozilla Firefox\\firefox.exe" "--marionette" "--user-agent=Mozilla/5.0" "--headless" "-- ... 3" "--remote-allow-hosts" "localhost" "-no-remote" "-profile" "C:\\Users\\kalan\\AppData\\Local\\Temp\\rust_mozprofile1NmlyY"
*** You are running in headless mode.
console.warn: services.settings: Ignoring preference override of remote settings server
console.warn: services.settings: Allow by setting MOZ_REMOTE_SETTINGS_DEVTOOLS=1 in the environment
1696551354829	Marionette	INFO	Marionette enabled
Dynamically enable window occlusion 0
console.error: "Warning: unrecognized command line flag" "-user-agent"
1696551354935	Marionette	INFO	Listening on port 56590
WebDriver BiDi listening on ws://127.0.0.1:56583
Read port: 56590
1696551355274	RemoteAgent	WARN	TLS certificate errors will be ignored for this session
[GFX1-]: RenderCompositorSWGL failed mapping default framebuffer, no dt
console.error: ({})
DevTools listening on ws://127.0.0.1:56583/devtools/browser/d5f351c7-bbf5-49c5-b2c7-62025eb1019a
1696551362860	Marionette	INFO	Stopped listening on port 56590
JavaScript warning: https://a.omappapi.com/app/js/10.60d422ac.min.js, line 2: Script terminated by timeout at:
4701/yn/<@https://a.omappapi.com/app/js/10.60d422ac.min.js:2:30844

Dynamically enable window occlusion 1
1696552439891	geckodriver	INFO	Listening on 127.0.0.1:57159
1696552442934	mozrunner::runner	INFO	Running command: "C:\\Program Files\\Mozilla Firefox\\firefox.exe" "--marionette" "--user-agent=Mozilla/5.0" "--headless" "-- ... 0" "--remote-allow-hosts" "localhost" "-no-remote" "-profile" "C:\\Users\\kalan\\AppData\\Local\\Temp\\rust_mozprofileHtwTCC"
*** You are running in headless mode.
console.warn: services.settings: Ignoring preference override of remote settings server
console.warn: services.settings: Allow by setting MOZ_REMOTE_SETTINGS_DEVTOOLS=1 in the environment
1696552443851	Marionette	INFO	Marionette enabled
Dynamically enable window occlusion 0
console.error: "Warning: unrecognized command line flag" "-user-agent"
1696552444590	Marionette	INFO	Listening on port 57167
WebDriver BiDi listening on ws://127.0.0.1:57160
Read port: 57167
Read port: 57167
Read port: 57167
1696552447162	RemoteAgent	WARN	TLS certificate errors will be ignored for this session
console.error: Region.sys.mjs: "Error fetching region" (new TypeError("NetworkError when attempting to fetch resource.", ""))
console.error: Region.sys.mjs: "Failed to fetch region" (new Error("NO_RESULT", "resource://gre/modules/Region.sys.mjs", 411))
[GFX1-]: RenderCompositorSWGL failed mapping default framebuffer, no dt
console.error: ({})
DevTools listening on ws://127.0.0.1:57160/devtools/browser/ae8bdd0d-e114-4928-a60d-3f415b0b27ff
1696552453860	Marionette	INFO	Stopped listening on port 57167
JavaScript warning: https://www.googletagmanager.com/gtm.js?id=GTM-5X6Z3Z9, line 97: Script terminated by timeout at:
Ca@https://www.googletagmanager.com/gtm.js?id=GTM-5X6Z3Z9:97:116
BC/g.hitCallback@https://www.googletagmanager.com/gtm.js?id=GTM-5X6Z3Z9:432:48
wc/d.onerror@https://www.google-analytics.com/analytics.js:35:130

Dynamically enable window occlusion 1
1696555153187	geckodriver	INFO	Listening on 127.0.0.1:57739
1696555156244	mozrunner::runner	INFO	Running command: "C:\\Program Files\\Mozilla Firefox\\firefox.exe" "--marionette" "--user-agent=Mozilla/5.0" "--headless" "-- ... 0" "--remote-allow-hosts" "localhost" "-no-remote" "-profile" "C:\\Users\\kalan\\AppData\\Local\\Temp\\rust_mozprofileeKfuHy"
*** You are running in headless mode.
console.warn: services.settings: Ignoring preference override of remote settings server
console.warn: services.settings: Allow by setting MOZ_REMOTE_SETTINGS_DEVTOOLS=1 in the environment
1696555157251	Marionette	INFO	Marionette enabled
Dynamically enable window occlusion 0
console.error: "Warning: unrecognized command line flag" "-user-agent"
1696555157421	Marionette	INFO	Listening on port 57747
WebDriver BiDi listening on ws://127.0.0.1:57740
Read port: 57747
1696555157752	RemoteAgent	WARN	TLS certificate errors will be ignored for this session
[GFX1-]: RenderCompositorSWGL failed mapping default framebuffer, no dt
console.error: ({})
DevTools listening on ws://127.0.0.1:57740/devtools/browser/ff375690-6877-4051-a63c-d7dbb9a7d918
1696555166841	Marionette	INFO	Stopped listening on port 57747
JavaScript warning: https://pagead2.googlesyndication.com/bg/YeTNF82ErcXtSc42GSWrie2SEIEL8DxR64dbf1nZkSc.js line 2 > eval line 2205 > eval line 1 > eval line 1 > eval, line 1: Script terminated by timeout at:
U@https://pagead2.googlesyndication.com/bg/YeTNF82ErcXtSc42GSWrie2SEIEL8DxR64dbf1nZkSc.js line 2 > eval line 2205 > eval line 1 > eval line 1 > eval:1:24
@https://pagead2.googlesyndication.com/bg/YeTNF82ErcXtSc42GSWrie2SEIEL8DxR64dbf1nZkSc.js line 2 > eval line 2205 > eval line 1 > eval line 1 > eval:1:78
Bc@https://pagead2.googlesyndication.com/bg/YeTNF82ErcXtSc42GSWrie2SEIEL8DxR64dbf1nZkSc.js line 2 > eval line 2205 > eval line 1 > eval line 1 > eval:1:236
U6@https://pagead2.googlesyndication.com/bg/YeTNF82ErcXtSc42GSWrie2SEIEL8DxR64dbf1nZkSc.js line 2 > eval line 2205 > eval line 1 > eval line 1 > eval:1:42
Z.prototype.R</<@https://pagead2.googlesyndication.com/bg/YeTNF82ErcXtSc42GSWrie2SEIEL8DxR64dbf1nZkSc.js line 2 > eval:2205:36379
Gs@https://pagead2.googlesyndication.com/bg/YeTNF82ErcXtSc42GSWrie2SEIEL8DxR64dbf1nZkSc.js line 2 > eval:2205:20877
lj@https://pagead2.googlesyndication.com/bg/YeTNF82ErcXtSc42GSWrie2SEIEL8DxR64dbf1nZkSc.js line 2 > eval:2205:733
O@https://pagead2.googlesyndication.com/bg/YeTNF82ErcXtSc42GSWrie2SEIEL8DxR64dbf1nZkSc.js line 2 > eval:2205:3769
lj/<@https://pagead2.googlesyndication.com/bg/YeTNF82ErcXtSc42GSWrie2SEIEL8DxR64dbf1nZkSc.js line 2 > eval:2205:806
Uo</<@https://pagead2.googlesyndication.com/bg/YeTNF82ErcXtSc42GSWrie2SEIEL8DxR64dbf1nZkSc.js line 2 > eval:2205:34038

JavaScript warning: https://a.omappapi.com/app/js/10.60d422ac.min.js, line 2: Script terminated by timeout at:
4701/yn/<@https://a.omappapi.com/app/js/10.60d422ac.min.js:2:30844

Dynamically enable window occlusion 1
1696556056948	geckodriver	INFO	Listening on 127.0.0.1:58371
1696556060021	mozrunner::runner	INFO	Running command: "C:\\Program Files\\Mozilla Firefox\\firefox.exe" "--marionette" "--user-agent=Mozilla/5.0" "--headless" "-- ... 2" "--remote-allow-hosts" "localhost" "-no-remote" "-profile" "C:\\Users\\kalan\\AppData\\Local\\Temp\\rust_mozprofile3GidV1"
*** You are running in headless mode.
console.warn: services.settings: Ignoring preference override of remote settings server
console.warn: services.settings: Allow by setting MOZ_REMOTE_SETTINGS_DEVTOOLS=1 in the environment
1696556060897	Marionette	INFO	Marionette enabled
Dynamically enable window occlusion 0
console.error: "Warning: unrecognized command line flag" "-user-agent"
1696556061004	Marionette	INFO	Listening on port 58379
WebDriver BiDi listening on ws://127.0.0.1:58372
Read port: 58379
1696556061259	RemoteAgent	WARN	TLS certificate errors will be ignored for this session
[GFX1-]: RenderCompositorSWGL failed mapping default framebuffer, no dt
console.error: ({})
DevTools listening on ws://127.0.0.1:58372/devtools/browser/1bf69e3f-d244-442d-82cd-0ec9950eb379
1696556067642	Marionette	INFO	Stopped listening on port 58379
JavaScript warning: https://pagead2.googlesyndication.com/pagead/managed/js/adsense/m202309291101/show_ads_impl_fy2021.js, line 90: Script terminated by timeout at:
Eh/</d.onreadystatechange@https://pagead2.googlesyndication.com/pagead/managed/js/adsense/m202309291101/show_ads_impl_fy2021.js:90:170

Dynamically enable window occlusion 1
